<?xml version="1.0" encoding="UTF-8"?>
<!-- Generated by org.testng.reporters.JUnitXMLReporter -->
<testsuite ignored="0" hostname="DESKTOP-LLLGMOJ" failures="0" tests="4" name="Default test" time="53.952" errors="0" timestamp="2024-05-27T13:56:49 IST">
  <testcase classname="datareading.ProductSearch" name="testSeachProduct" time="7.856"/>
  <testcase classname="datareading.ProductSearch" name="testSeachProduct" time="7.799"/>
  <testcase classname="datareading.ProductSearch" name="testSeachProduct" time="6.992"/>
  <testcase classname="datareading.ProductSearch" name="testSeachProduct" time="7.286"/>
</testsuite> <!-- Default test -->
