<?xml version="1.0" encoding="UTF-8"?>
<testng-results ignored="0" total="2" passed="2" failed="0" skipped="0">
  <reporter-output>
  </reporter-output>
  <suite started-at="2023-01-19T13:40:22Z" name="Default suite" finished-at="2023-01-19T13:41:00Z" duration-ms="37713">
    <groups>
    </groups>
    <test started-at="2023-01-19T13:40:22Z" name="Default test" finished-at="2023-01-19T13:41:00Z" duration-ms="37713">
      <class name="testscripts.TestOrangeHrmPim">
        <test-method is-config="true" signature="precondition()[pri:0, instance:testscripts.TestOrangeHrmPim@7e057f43]" started-at="2023-01-19T13:40:22Z" name="precondition" finished-at="2023-01-19T13:40:39Z" duration-ms="17139" status="PASS">
          <reporter-output>
          </reporter-output>
        </test-method> <!-- precondition -->
        <test-method signature="testPimCreation()[pri:0, instance:testscripts.TestOrangeHrmPim@7e057f43]" started-at="2023-01-19T13:40:39Z" name="testPimCreation" finished-at="2023-01-19T13:40:51Z" duration-ms="11526" status="PASS">
          <reporter-output>
          </reporter-output>
        </test-method> <!-- testPimCreation -->
        <test-method signature="testPimDeletion()[pri:0, instance:testscripts.TestOrangeHrmPim@7e057f43]" started-at="2023-01-19T13:40:51Z" name="testPimDeletion" finished-at="2023-01-19T13:40:59Z" depends-on-methods="testscripts.TestOrangeHrmPim.testPimCreation" duration-ms="8610" status="PASS">
          <reporter-output>
          </reporter-output>
        </test-method> <!-- testPimDeletion -->
        <test-method is-config="true" signature="postcondition()[pri:0, instance:testscripts.TestOrangeHrmPim@7e057f43]" started-at="2023-01-19T13:40:59Z" name="postcondition" finished-at="2023-01-19T13:41:00Z" duration-ms="388" status="PASS">
          <reporter-output>
          </reporter-output>
        </test-method> <!-- postcondition -->
      </class> <!-- testscripts.TestOrangeHrmPim -->
    </test> <!-- Default test -->
  </suite> <!-- Default suite -->
</testng-results>
