<?xml version="1.0" encoding="UTF-8"?>
<testng-results ignored="0" total="4" passed="4" failed="0" skipped="0">
  <reporter-output>
  </reporter-output>
  <suite started-at="2024-05-27T13:55:55 IST" name="Default suite" finished-at="2024-05-27T13:56:49 IST" duration-ms="53952">
    <groups>
    </groups>
    <test started-at="2024-05-27T13:55:55 IST" name="Default test" finished-at="2024-05-27T13:56:49 IST" duration-ms="53952">
      <class name="datareading.ProductSearch">
        <test-method is-config="true" signature="precondition()[pri:0, instance:datareading.ProductSearch@957e06]" started-at="2024-05-27T13:55:56 IST" name="precondition" finished-at="2024-05-27T13:56:02 IST" duration-ms="6290" status="PASS">
          <reporter-output>
          </reporter-output>
        </test-method> <!-- precondition -->
        <test-method signature="testSeachProduct(java.lang.String)[pri:0, instance:datareading.ProductSearch@957e06]" started-at="2024-05-27T13:56:02 IST" name="testSeachProduct" data-provider="ProductName" finished-at="2024-05-27T13:56:10 IST" duration-ms="7856" status="PASS">
          <params>
            <param index="0">
              <value>
                <![CDATA[SAMSUNG Galaxy S24+ Plus Cell Phone, 256GB AI Smartphone, Unlocked Android, 50MP Camera, Fastest Processor, Long Battery Life, US Version 2024, Amber Yellow]]>
              </value>
            </param>
          </params>
          <reporter-output>
          </reporter-output>
        </test-method> <!-- testSeachProduct -->
        <test-method is-config="true" signature="postCondition()[pri:0, instance:datareading.ProductSearch@957e06]" started-at="2024-05-27T13:56:10 IST" name="postCondition" finished-at="2024-05-27T13:56:11 IST" duration-ms="473" status="PASS">
          <reporter-output>
          </reporter-output>
        </test-method> <!-- postCondition -->
        <test-method is-config="true" signature="precondition()[pri:0, instance:datareading.ProductSearch@957e06]" started-at="2024-05-27T13:56:11 IST" name="precondition" finished-at="2024-05-27T13:56:16 IST" duration-ms="5127" status="PASS">
          <reporter-output>
          </reporter-output>
        </test-method> <!-- precondition -->
        <test-method signature="testSeachProduct(java.lang.String)[pri:0, instance:datareading.ProductSearch@957e06]" started-at="2024-05-27T13:56:16 IST" name="testSeachProduct" data-provider="ProductName" finished-at="2024-05-27T13:56:24 IST" duration-ms="7799" status="PASS">
          <params>
            <param index="0">
              <value>
                <![CDATA[SAMSUNG Galaxy A15 5G A Series Cell Phone, 128GB Unlocked Android Smartphone, AMOLED Display, Expandable Storage, Knox Security, Super Fast Charging, US Version, 2024, Blue Black]]>
              </value>
            </param>
          </params>
          <reporter-output>
          </reporter-output>
        </test-method> <!-- testSeachProduct -->
        <test-method is-config="true" signature="postCondition()[pri:0, instance:datareading.ProductSearch@957e06]" started-at="2024-05-27T13:56:24 IST" name="postCondition" finished-at="2024-05-27T13:56:24 IST" duration-ms="427" status="PASS">
          <reporter-output>
          </reporter-output>
        </test-method> <!-- postCondition -->
        <test-method is-config="true" signature="precondition()[pri:0, instance:datareading.ProductSearch@957e06]" started-at="2024-05-27T13:56:24 IST" name="precondition" finished-at="2024-05-27T13:56:29 IST" duration-ms="4886" status="PASS">
          <reporter-output>
          </reporter-output>
        </test-method> <!-- precondition -->
        <test-method signature="testSeachProduct(java.lang.String)[pri:0, instance:datareading.ProductSearch@957e06]" started-at="2024-05-27T13:56:29 IST" name="testSeachProduct" data-provider="ProductName" finished-at="2024-05-27T13:56:36 IST" duration-ms="6992" status="PASS">
          <params>
            <param index="0">
              <value>
                <![CDATA[Samsung Galaxy A15 (SM-155M/DSN), 128GB 6GB RAM, Dual SIM, Factory Unlocked GSM, International Version (Wall Charger Bundle) (Light Blue)]]>
              </value>
            </param>
          </params>
          <reporter-output>
          </reporter-output>
        </test-method> <!-- testSeachProduct -->
        <test-method is-config="true" signature="postCondition()[pri:0, instance:datareading.ProductSearch@957e06]" started-at="2024-05-27T13:56:36 IST" name="postCondition" finished-at="2024-05-27T13:56:36 IST" duration-ms="285" status="PASS">
          <reporter-output>
          </reporter-output>
        </test-method> <!-- postCondition -->
        <test-method is-config="true" signature="precondition()[pri:0, instance:datareading.ProductSearch@957e06]" started-at="2024-05-27T13:56:36 IST" name="precondition" finished-at="2024-05-27T13:56:42 IST" duration-ms="5379" status="PASS">
          <reporter-output>
          </reporter-output>
        </test-method> <!-- precondition -->
        <test-method signature="testSeachProduct(java.lang.String)[pri:0, instance:datareading.ProductSearch@957e06]" started-at="2024-05-27T13:56:42 IST" name="testSeachProduct" data-provider="ProductName" finished-at="2024-05-27T13:56:49 IST" duration-ms="7286" status="PASS">
          <params>
            <param index="0">
              <value>
                <![CDATA[BLU G63 | 2023 | 3-Day Battery | Unlocked | 6.8” HD+ Infinity Display | 128/4GB | Dual 13MP Camera | US Version | US Warranty | Green]]>
              </value>
            </param>
          </params>
          <reporter-output>
          </reporter-output>
        </test-method> <!-- testSeachProduct -->
        <test-method is-config="true" signature="postCondition()[pri:0, instance:datareading.ProductSearch@957e06]" started-at="2024-05-27T13:56:49 IST" name="postCondition" finished-at="2024-05-27T13:56:49 IST" duration-ms="283" status="PASS">
          <reporter-output>
          </reporter-output>
        </test-method> <!-- postCondition -->
      </class> <!-- datareading.ProductSearch -->
    </test> <!-- Default test -->
  </suite> <!-- Default suite -->
</testng-results>
